<?xml version="1.0" encoding="UTF-8"?>
<!-- Generated by org.testng.reporters.JUnitReportReporter -->
<testsuite skipped="0" hostname="DESKTOP-3J5ATR4" name="blazetest.com.Blazetest" tests="1" failures="0" timestamp="2020-08-26T23:53:42 IST" time="118.210" errors="0">
  <testcase name="productstorecategories" time="118.210" classname="blazetest.com.Blazetest"/>
</testsuite> <!-- blazetest.com.Blazetest -->
